     1                                  ;har1-b0OS-ipl
     2                                  ; TAB=4
     3                                  ;ここからOS本体を読み込む(このコードはブートセクタ本体)
     4                                  CYLS		EQU		10
     5                                  		ORG		0x7c00		;このプログラムがどこに読み込まれるのか
     6                                  
     7                                  ;以下は標準的なFAT12フォーマットフロッピーディスクのための記述
     8                                  
     9 00000000 EB46                    		JMP		entry
    10 00000002 90                      		DB		0x90
    11 00000003 484152312D42306970-     		DB		"HAR1-B0ipl"		;ブートセクタの名前
    11 0000000C 6C                 
    12 0000000D 0002                    		DW		512				;1セクタの大きさ
    13 0000000F 01                      		DB		1				;FAT開始場所
    14 00000010 02                      		DB		2				;FATの個数
    15 00000011 E000                    		DW		224				;ルートディレクトリ領域の大きさ
    16 00000013 400B                    		DW		2880			;ドライブの大きさ
    17 00000015 F0                      		DB		0xf0			;メディアタイプ
    18 00000016 0900                    		DW		9				;FAT領域の長さ
    19 00000018 1200                    		DW		18				;1トラックにあるセクタの数
    20 0000001A 0200                    		DW		2				;ヘッド数
    21 0000001C 00000000                		DD		0				;パーティション
    22 00000020 000029                  		DB		0,0,0x29		;この値にする
    23 00000023 FFFFFFFF                		DD		0xffffffff		;ボリュームシリアル番号
    24 00000027 484152312D42304F53      		DB		"HAR1-B0OS"		;ディスクの名前
    25 00000030 464154313209            		DB		"FAT12	"		;フォーマットの名前
    26 00000036 <res 00000012>          		RESB	18				;仮にあけとく
    26          ******************       warning: uninitialized space declared in .text section: zeroing
    27                                  
    28                                  ;プログラム本体
    29                                  
    30                                  entry:
    31 00000048 B80000                  		MOV		AX,0			;レジスタ初期化
    32 0000004B 8ED0                    		MOV		SS,AX
    33 0000004D BC007C                  		MOV		SP,0x7c00
    34 00000050 8ED8                    		MOV		DS,AX
    35                                  
    36                                  ;ディスクを読む
    37                                  
    38 00000052 B82008                  		MOV		AX,0x0820
    39 00000055 8EC0                    		MOV		ES,AX
    40 00000057 B500                    		MOV		CH,0			;シリンダ0
    41 00000059 B600                    		MOV		DH,0			;ヘッド0
    42 0000005B B102                    		MOV		CL,2			;セクタ2
    43                                  
    44                                  readloop:
    45 0000005D BE0000                  		MOV		SI,0			;失敗回数を数えるレジスタ
    46                                  
    47                                  retry:
    48 00000060 B402                    		MOV		AH,0x02			;AH=0x02 :ディスク読み込み
    49 00000062 B001                    		MOV		AL,1			;1セクタ
    50 00000064 BB0000                  		MOV		BX,0			
    51 00000067 B200                    		MOV		DL,0			;Aドライブ
    52 00000069 CD13                    		INT		0x13			;ディスクBIOS呼び出し
    53 0000006B 7310                    		JNC		next				;エラーにならなかったらfinへ
    54 0000006D 83C601                  		ADD		SI,1			;SIに1を足す
    55 00000070 83FE05                  		CMP		SI,5			;SIと5を比較
    56 00000073 732E                    		JAE		error			;SI>=5だったらerrorへ
    57 00000075 B400                    		MOV		AH,0x00			;(システムリセットに必要な操作)
    58 00000077 B200                    		MOV		DL,0x00			;Aドライブ(システムリセットに必要な操作)
    59 00000079 CD13                    		INT		0x13			;ドライブのリセット(システムリセットに必要な操作)
    60 0000007B EBE3                    		JMP		retry
    61                                  
    62                                  next:
    63 0000007D 8CC0                    		MOV		AX,ES			;開始位置(0x820)まで移動する
    64 0000007F 83C020                  		ADD		AX,0x0020		;アドレスを0x200進める
    65 00000082 8EC0                    		MOV		ES,AX			;ADD ES,0x20という命令がないのでこのように表記
    66 00000084 80C101                  		ADD		CL,1			;CLに1を足す
    67 00000087 80F912                  		CMP		CL,18			;CLと18を比較
    68 0000008A 76D1                    		JBE		readloop		;CL<=18だったらreadloopへ
    69 0000008C B101                    		MOV		CL,1
    70 0000008E 80C601                  		ADD		DH,1
    71 00000091 80FE02                  		CMP		DH,2
    72 00000094 72C7                    		JB		readloop		;DH<2だったらreadloopへ
    73 00000096 B600                    		MOV		DH,0
    74 00000098 80C501                  		ADD		CH,1
    75 0000009B 80FD0A                  		CMP		CH,CYLS
    76 0000009E 72BD                    		JB		readloop		;CH<CYLSだったらreadloop
    77                                  
    78                                  ;読み終わった後の処理
    79                                  
    80                                  fin:
    81 000000A0 F4                      		HLT						;何かあるまでCPUを停止させる
    82 000000A1 EBFD                    		JMP		fin				;無限ループ
    83                                  
    84                                  error:
    85 000000A3 BE[B800]                		MOV		SI,msg
    86                                  putloop:
    87 000000A6 8A04                    		MOV		AL,[SI]
    88 000000A8 83C601                  		ADD		SI,1			;SIに1を足す
    89 000000AB 3C00                    		CMP		AL,0
    90 000000AD 74F1                    		JE		fin
    91 000000AF B40E                    		MOV		AH,0x0e			;一文字表示ファンクション
    92 000000B1 BB0F00                  		MOV		BX,15			;カラーコード
    93 000000B4 CD10                    		INT		0x10			;ビデオBIOS呼び出し
    94 000000B6 EBEE                    		JMP		putloop
    95                                  msg:
    96 000000B8 0A0A                    		DB		0x0a,0x0a		;改行を2つ
    97 000000BA 6C6F6164206572726F-     		DB		"load error"
    97 000000C3 72                 
    98 000000C4 0A                      		DB		0x0a			;改行
    99 000000C5 00                      		DB		0
   100                                  
   101 000000C6 <res 00000138>          		RESB	0x7dfe-0x7c00-($-$$)		;0x1efまでを0x00で埋める命令
   101          ******************       warning: uninitialized space declared in .text section: zeroing
   102                                  
   103 000001FE 55AA                    		DB		0x55,0xaa		;BS BootSign
