     1                                  BOTPAK  EQU    0x00280000    ; BOOTPACK     | bootpackのロード先
     2                                  DSKCAC  EQU    0x00100000    ; DISK CACHE   | ディスクキャッシュの場所
     3                                  DSKCAC0 EQU    0x00008000    ; DISK CACHE 0 | ディスクキャッシュの場所（リアルモード）
     4                                  
     5                                  ; BOOT_INFO関係
     6                                  ; > メモしている場所は0x0ff0番地周辺ですが、メモリマップによるとこのへんも誰にも使われていないようでした
     7                                  CYLS    EQU     0x0ff0      ; ブートセクタが設定する
     8                                  LEDS    EQU     0x0ff1      ; LED STATE
     9                                  VMODE   EQU     0x0ff2      ; VIDEO MODE | 色数に関する情報（何ビットカラーか）
    10                                  SCRNX   EQU     0x0ff4      ; SCREEN X   | 解像度X
    11                                  SCRNY   EQU     0x0ff6      ; SCREEN Y   | 解像度Y
    12                                  VRAM    EQU     0x0ff8      ; VIDEO RAM  | グラフィックバッファの開始番地
    13                                  
    14                                          ;=======================================================================
    15                                          ORG     0xc200      ; 0xc200 = 0x8000 + 0x4200
    16                                                              ; イメージファイルの 0x4200 アドレス番目に書き込まれている
    17                                                              ; また,先で 0x8000 以降を使うことに決めている
    18                                  
    19                                          ;=======================================================================
    20                                          ; [INT(0x10); ビデオ関係](http://oswiki.osask.jp/?%28AT%29BIOS#n5884802)
    21                                          ; ビデオモード設定
    22                                          ;   AH = 0x00;
    23                                          ;   AL = モード： (マイナーな画面モードは省略しています)
    24                                          ;     0x03：16色テキスト、80x25
    25                                          ;     0x12：VGAグラフィックス、640x480x4bitカラー、独自プレーンアクセス
    26                                          ;     0x13：VGAグラフィックス、320x200x8bitカラー、パックドピクセル
    27                                          ;     0x6a：拡張VGAグラフィックス、800x600x4bitカラー、独自プレーンアクセス（ビデオカードによってはサポートされない）
    28                                          ;   戻り値：なし
    29 00000000 B013                            MOV     AL, 0x13    ; VGA graphics, 320x200x(8 bit color)
    30 00000002 B400                            MOV     AH, 0x00
    31 00000004 CD10                            INT     0x10
    32                                  
    33                                          ;=======================================================================
    34                                          ; 画面モードをメモする
    35 00000006 C606F20F08                      MOV     BYTE [VMODE], 8           ; Video MODE
    36 0000000B C706F40F4001                    MOV     WORD [SCRNX], 320         ; SCReeN X
    37 00000011 C706F60FC800                    MOV     WORD [SCRNY], 200         ; SCReeN Y
    38 00000017 66C706F80F00000A00              MOV     DWORD [VRAM], 0x000a0000  ; Video RAM
    39                                                                            ; > VRAMは0xa0000～0xaffffの64KBです。厳密に言うと、320x200=64000なので、62.5KBですが.
    40                                                                            ;
    41                                                                            ; > [VRAM]に 0xa0000 を入れているのですが、PC の世界で VRAM というのはビデオラムのことで
    42                                                                            ; > 「video RAM」と書き、画面用のメモリのことです。このメモリは、もちろんデータを記憶することがい
    43                                                                            ; > つも通りできます。しかしVRAMは普通のメモリ以上の存在で、それぞれの番地が画面上の画素に対応
    44                                                                            ; > していて、これを利用することで画面に絵を出すことができるのです。
    45                                  
    46                                          ;=======================================================================
    47                                          ; [INT(0x16); キーボード関係 - (AT)BIOS - os-wiki](http://oswiki.osask.jp/?%28AT%29BIOS#lb9f3e72)
    48                                          ; キーロック＆シフト状態取得
    49                                          ;   AH = 0x02;
    50                                          ;   戻り値：
    51                                          ;   AL == 状態コード：
    52                                          ;     bit0：右シフト
    53                                          ;     bit1：左シフト
    54                                          ;     bit2：Ctrl
    55                                          ;     bit3：Alt
    56                                          ;     bit4：Scrollロック
    57                                          ;     bit5：Numロック
    58                                          ;     bit6：Capsロック
    59                                          ;     bit7：Insertモード
    60                                          ; BIOS (16 bit mode) から情報を取得
    61 00000020 B402                            MOV     AH, 0x02    ; キーロック＆シフト状態取得
    62 00000022 CD16                            INT     0x16        ; Keyboard BIOS
    63 00000024 A2F10F                          MOV     [LEDS], AL  ; LED State
    64                                  
    65                                          ; PICが一切の割り込みを受け付けないようにする
    66                                          ; AT互換機の仕様では、PICの初期化をするなら、
    67                                          ; こいつをCLI(割り込み禁止)前にやっておかないと、たまにハングアップする
    68                                          ; PICの初期化はあとでやる
    69                                  
    70 00000027 B0FF                            MOV     AL, 0xff		;io_out(PIC0_IWR,0xff)/*マスタの全部のPICの割り込み禁止*/
    71 00000029 E621                            OUT     0x21, AL		;io_out8(PIC1_IWR,0xff)/**スレーブの全部のPICの割り込み禁止/
    72 0000002B 90                              NOP                   ; OUT命令を連続させるとうまくいかない機種があるらしいので
    73 0000002C E6A1                            OUT     0xa1, AL
    74                                  
    75 0000002E FA                              CLI                   ; さらにCPUレベルでも割り込み禁止(io_cli())
    76                                  
    77                                          ; CPUから1MB以上のメモリにアクセスできるように、A20GATEを設定
    78                                  
    79 0000002F E8B500                          CALL waitkbdout
    80 00000032 B0D1                            MOV  AL,0xd1
    81 00000034 E664                            OUT  0x64,AL
    82 00000036 E8AE00                          CALL waitkbdout
    83 00000039 B0DF                            MOV  AL,0xdf          ; enable A20
    84 0000003B E660                            OUT  0x60,AL
    85 0000003D E8A700                          CALL waitkbdout
    86                                  
    87                                  ;		/**(ここの説明をC言語で書くと以下のようになる)
    88                                  		
    89                                  		
    90                                  ;		#define KEYCMD_WRITE_OUTPUT 0xd1
    91                                  ;		#define KBC_OUTPUT_A20G_ENABLE 0xdf
    92                                  
    93                                  ;		//A20GATEの設定(A20GATEとはメモリの1MB以上を使えるようにする)
    94                                  ;	//	wait_KBC_sendready();
    95                                  ;	//	io_out8(PORT_KEYCMD,KEYCMD_WRITE_OUTPUT);
    96                                  ;	//	wait_KBC_sendready();
    97                                  ;	//	io_out8(PORT_KEYDAT,KBC_OUTPUT_A20G_ENABLE);
    98                                  ;	//	wait_KBC_sendready();	
    99                                  		
   100                                  ;		**/
   101                                  
   102                                          ; プロテクトモード移行
   103                                          ; プロテクトモードはGDTを用いる(仮想メモリを用いる)
   104                                          ;[INSTRSET "i486p"]    ; i486の命令まで使いたいという記述
   105                                          ; ここで指定するのではなくgccでcompileする際にi486で指定
   106                                  
   107 00000040 0F0116[2A01]                    LGDT [GDTR0]   ; 暫定GDTを設定 (GDTの場所を格納するGDTRのデータをセットするための命令)
   108 00000045 0F20C0                          MOV  EAX,CR0
   109 00000048 6625FFFFFF7F                    AND  EAX,0x7fffffff ; bit31を0にする（ページング禁止のため）
   110 0000004E 6683C801                        OR  EAX,0x00000001 ; bit0を1にする（プロテクトモード移行のため）
   111 00000052 0F22C0                          MOV  CR0,EAX
   112 00000055 EB00                            JMP  pipelineflush	;ここでjmpするのは16から32bitにして機械語の解釈を変更するため(実行中に解釈を解釈を開始するパイプライン処理を実行している)
   113                                  pipelineflush:
   114 00000057 B80800                          MOV  AX,1*8   ;  読み書き可能セグメント32bit (0x00000008はセグメントレジスタの値を変更している。これはgdt+1に該当する)
   115 0000005A 8ED8                            MOV  DS,AX
   116 0000005C 8EC0                            MOV  ES,AX
   117 0000005E 8EE0                            MOV  FS,AX
   118 00000060 8EE8                            MOV  GS,AX		
   119 00000062 8ED0                            MOV  SS,AX
   120                                  
   121                                          ; bootpackの転送
   122                                  
   123 00000064 66BE[30010000]                  MOV  ESI,bootpack ; 転送元
   124 0000006A 66BF00002800                    MOV  EDI,BOTPAK  ; 転送先
   125 00000070 66B900000200                    MOV  ECX,512*1024/4
   126                                          ;MOV  ECX, 131072
   127 00000076 E87500                          CALL memcpy
   128                                  
   129                                          ; ついでにディスクデータも本来の位置へ転送
   130                                  
   131                                          ; まずはブートセクタから
   132                                  
   133 00000079 66BE007C0000                    MOV  ESI,0x7c00  ; 転送元
   134 0000007F 66BF00001000                    MOV  EDI,DSKCAC  ; 転送先
   135 00000085 66B980000000                    MOV  ECX,512/4
   136                                          ;MOV  ECX, 128
   137 0000008B E86000                          CALL memcpy
   138                                  
   139                                          ; 残り全部
   140                                  
   141 0000008E 66BE00820000                    MOV  ESI,DSKCAC0+512 ; 転送元
   142 00000094 66BF00021000                    MOV  EDI,DSKCAC+512 ; 転送先
   143 0000009A 66B900000000                    MOV  ECX,0
   144 000000A0 8A0EF00F                        MOV  CL,BYTE [CYLS]
   145 000000A4 6669C900120000                  IMUL ECX,512*18*2/4 ; シリンダ数からバイト数/4に変換
   146                                          ;IMUL ECX, 4608
   147 000000AB 6681E980000000                  SUB  ECX,512/4  ; IPLの分だけ差し引く
   148                                          ;SUB  ECX, 128  ; IPLの分だけ差し引く
   149 000000B2 E83900                          CALL memcpy
   150                                  
   151                                          ; asmheadでしなければいけないことは全部し終わったので、
   152                                          ; あとはbootpackに任せる
   153                                          
   154                                          ; bootpackの起動
   155                                  
   156 000000B5 66BB00002800                    MOV  EBX,BOTPAK
   157 000000BB 66678B4B10                      MOV  ECX,[EBX+16]
   158 000000C0 6683C103                        ADD  ECX,3   ; ECX += 3;
   159 000000C4 66C1E902                        SHR  ECX,2   ; ECX /= 4;
   160 000000C8 7410                            JZ  skip   ; 転送するべきものがない
   161 000000CA 66678B7314                      MOV  ESI,[EBX+20] ; 転送元
   162 000000CF 6601DE                          ADD  ESI,EBX
   163 000000D2 66678B7B0C                      MOV  EDI,[EBX+12] ; 転送先
   164 000000D7 E81400                          CALL memcpy
   165                                  skip:
   166 000000DA 66678B630C                      MOV  ESP,[EBX+12] ; スタック初期値
   167 000000DF 66EA1B0000001000                JMP  DWORD 2*8:0x0000001b
   168                                  
   169                                  waitkbdout:
   170 000000E7 E464                            IN   AL,0x64
   171 000000E9 2402                            AND   AL,0x02
   172 000000EB 75FA                            JNZ  waitkbdout  ; ANDの結果が0でなければwaitkbdoutへ
   173 000000ED C3                              RET
   174                                  
   175                                  memcpy:
   176 000000EE 66678B06                        MOV  EAX,[ESI]
   177 000000F2 6683C604                        ADD  ESI,4
   178 000000F6 66678907                        MOV  [EDI],EAX
   179 000000FA 6683C704                        ADD  EDI,4
   180 000000FE 6683E901                        SUB  ECX,1
   181 00000102 75EA                            JNZ  memcpy   ; 引き算した結果が0でなければmemcpyへ
   182 00000104 C3                              RET
   183                                          ; memcpyはアドレスサイズプリフィクスを入れ忘れなければ、ストリング命令でも書ける
   184                                  
   185 00000105 <res 0000000B>                  ALIGNB 16
   185          ******************       warning: uninitialized space declared in .text section: zeroing
   186                                  GDT0:
   187 00000110 <res 00000008>                  RESB 8    ; ヌルセレクタ
   187          ******************       warning: uninitialized space declared in .text section: zeroing
   188 00000118 FFFF00000092CF00                DW  0xffff,0x0000,0x9200,0x00cf ; 読み書き可能セグメント32bit
   189 00000120 FFFF0000289A4700                DW  0xffff,0x0000,0x9a28,0x0047 ; 実行可能セグメント32bit（bootpack用）
   190                                  
   191 00000128 0000                            DW  0
   192                                  GDTR0:
   193 0000012A 1700                            DW  8*3-1
   194 0000012C [10010000]                      DD  GDT0
   195                                  
   196                                          ALIGNB 16
   197                                  bootpack:
