     1                                  ;;  hello-os
     2                                  ;;  TAB=4
     3                                  
     4                                      ORG     0x7c00              ; メモリの読み込み位置を指定
     5                                      CYLS    EQU     10          ; #define CYLS = 10
     6                                  
     7                                  ;; FAT12フォーマットフロッピーディスク用の記述
     8                                  
     9 00000000 EB4E                        JMP     entry
    10 00000002 90                          DB      0x90
    11 00000003 48415249424F5445            DB      "HARIBOTE"          ; ブートセクタの名前
    12 0000000B 0002                        DW      512                 ; 1セクタの大きさ
    13 0000000D 01                          DB      1                   ; クラスタの大きさ
    14 0000000E 0100                        DW      1                   ; FATの開始位置
    15 00000010 02                          DB      2                   ; FATの個数
    16 00000011 E000                        DW      224                 ; ルートディレクトリ領域の大きさ
    17 00000013 400B                        DW      2880                ; ドライブの大きさ
    18 00000015 F0                          DB      0xf0                ; メディアのタイプ
    19 00000016 0900                        DW      9                   ; FAT領域の長さ
    20 00000018 1200                        DW      18                  ; 1トラック中のセクタ数
    21 0000001A 0200                        DW      2                   ; ヘッドの数
    22 0000001C 00000000                    DD      0                   ; パーティションを使用していなければ0
    23 00000020 400B0000                    DD      2880                ; ドライブの大きさ
    24 00000024 000029                      DB      0, 0, 0x29          ; 固定値？
    25 00000027 FFFFFFFF                    DD      0xffffffff          ; ボリュームシリアル番号？
    26 0000002B 48454C4C4F2D4F5320-         DB      "HELLO-OS   "       ; ディスク名
    26 00000034 2020               
    27 00000036 4641543132202020            DB      "FAT12   "          ; フォーマット名
    28 0000003E <res 00000012>              RESB    18                  ; 18バイト空ける
    28          ******************       warning: uninitialized space declared in .text section: zeroing
    29                                  
    30                                  ;; プログラム本体
    31                                  entry:
    32 00000050 B80000                      MOV     AX,0            ; 代入処理 AX=0
    33 00000053 8ED0                        MOV     SS,AX
    34 00000055 BC007C                      MOV     SP,0x7c00
    35 00000058 8ED8                        MOV     DS,AX
    36                                  
    37                                  ; ディスクを読む
    38 0000005A B82008                      MOV     AX,0x0820
    39 0000005D 8EC0                        MOV     ES,AX
    40 0000005F B500                        MOV     CH,0        ; シリンダ0
    41 00000061 B600                        MOV     DH,0        ; ヘッドセット0
    42 00000063 B102                        MOV     CL,2        ; セクタ2
    43                                  
    44                                  readloop:
    45 00000065 BE0000                      MOV     SI,0        ; 失敗数を数えるレジスタ(source index)
    46                                  
    47                                  retry:
    48 00000068 B402                        MOV     AH,0x02     ; AH=0x02 : ディスク読み込み
    49 0000006A B001                        MOV     AL,1        ; 1セクタ
    50 0000006C BB0000                      MOV     BX,0
    51 0000006F B200                        MOV     DL,0x00     ; Aドライブ
    52 00000071 CD13                        INT     0x13        ; ディスクBIOSの呼び出し
    53 00000073 7310                        JNC     next        ; エラーが起きなければnextへ
    54 00000075 83C601                      ADD     SI,1
    55 00000078 83FE05                      CMP     SI,5        ; SIと5を比較する
    56 0000007B 7347                        JAE     error       ; SI >= 5ならばerror
    57 0000007D B400                        MOV     AH,0x00
    58 0000007F B200                        MOV     DL,0x00     ; Aドライブ
    59 00000081 CD13                        INT     0x13        ; ドライブのリセット
    60 00000083 EBE3                        JMP     retry
    61                                  
    62                                  next:
    63 00000085 8CC0                        MOV     AX,ES       ; アドレスを0x200進める
    64 00000087 83C020                      ADD     AX,0x0020
    65 0000008A 8EC0                        MOV     ES,AX       ; ADD ES, 0x020の命令がないため2行使っている
    66 0000008C 80C101                      ADD     CL,1        ; CLに1をたす(セクタを進める)
    67 0000008F 80F912                      CMP     CL,18       ; CLと18を比較
    68 00000092 76D1                        JBE     readloop    ; CL <= 18だったらreadloopに飛ぶ(条件ジャンプ)
    69 00000094 B101                        MOV     CL,1        ; 19セクタ目に突入しようとしたらシリンダを進める
    70 00000096 80C601                      ADD     DH,1
    71 00000099 80FE02                      CMP     DH,2
    72 0000009C 72C7                        JB      readloop    ; DH < 2だったらreadloopへ
    73 0000009E B600                        MOV     DH,0
    74 000000A0 80C501                      ADD     CH,1
    75 000000A3 80FD0A                      CMP     CH,CYLS
    76 000000A6 72BD                        JB      readloop    ; CH < CYLSだったらreadloopへ
    77                                  ; ブートセクタの読み込みが終わったのでOS本体を実行する
    78 000000A8 882EF00F                    MOV     [0x0ff0], CH    ; IPLがどこまで読んだのかをメモ
    79 000000AC E9(00C2)                    JMP     0xc200
    80                                  
    81                                  putloop:
    82 000000AF 8A04                        MOV     AL,[SI]
    83 000000B1 83C601                      ADD     SI,1
    84 000000B4 3C00                        CMP     AL,0
    85 000000B6 7409                        JE      fin
    86 000000B8 B40E                        MOV     AH,0x0e         ; 1文字表示ファンクション
    87 000000BA BB0F00                      MOV     BX,15           ; カラーコード
    88 000000BD CD10                        INT     0x10            ; ビデオBIOS呼び出し
    89 000000BF EBEE                        JMP     putloop
    90                                  
    91                                  fin:
    92 000000C1 F4                          HLT                     ; 何かあるまでCPUを停止
    93 000000C2 EBFD                        JMP     fin             ; 無限ループ
    94                                  
    95                                  error:
    96 000000C4 BE[C700]                    MOV     SI,msg
    97                                  msg:
    98 000000C7 0A0A                        DB      0x0a, 0x0a
    99 000000C9 68656C6C6F2C776F72-         DB      "hello,worlds"
    99 000000D2 6C6473             
   100 000000D5 0A                          DB      0x0a            ; 改行
   101 000000D6 00                          DB      0
   102                                  
   103 000000D7 <res 00000127>              RESB    0x7dfe - 0x7c00 - ($ - $$)    ;; 現在から0x1fdまでを0で埋める
   103          ******************       warning: uninitialized space declared in .text section: zeroing
   104                                  
   105                                  ; END CODE
   106 000001FE 55AA                        DB      0x55, 0xaa
