     1                                  ;naskfunc
     2                                  ;TAB=4
     3                                  
     4                                  section .text
     5                                  	GLOBAL	io_hlt,io_cli,io_sti,io_stihlt
     6                                  	GLOBAL	io_in8,io_in16,io_in32
     7                                  	GLOBAL	io_out8,io_out16,io_out32
     8                                  	GLOBAL	io_load_eflags,io_store_eflags
     9                                  	
    10                                  
    11                                  io_hlt :	;void io_hlt(void);
    12 00000000 F4                      	HLT
    13 00000001 C3                      	RET
    14                                  
    15                                  io_cli :	;void io_cli(void);
    16 00000002 FA                      	CLI
    17 00000003 C3                      	RET
    18                                  
    19                                  io_sti	:	;void io_sti(void);
    20 00000004 FB                      	STI
    21 00000005 C3                      	RET
    22                                  
    23                                  io_stihlt :	;void io_stihlt(void);
    24 00000006 FB                      	STI
    25 00000007 F4                      	HLT
    26 00000008 C3                      	RET
    27                                  
    28                                  io_in8	:	;int io_in8(int port);
    29                                  
    30 00000009 8B542404                	MOV 	EDX ,[esp+4]	;port
    31 0000000D B800000000              	MOV	EAX,0
    32 00000012 EC                      	IN	AL,DX
    33 00000013 C3                      	RET
    34                                  
    35                                  io_in16	:	;int io_in16(int port);
    36                                  
    37 00000014 8B542404                	MOV 	EDX ,[esp+4]	;port
    38 00000018 B800000000              	MOV	EAX,0
    39 0000001D 66ED                    	IN	AX,DX
    40 0000001F C3                      	RET
    41                                  
    42                                  io_in32	:	;int io_in32(int port);
    43                                  
    44 00000020 8B542404                	MOV 	EDX ,[esp+4]	;port
    45 00000024 ED                      	IN	EAX,DX
    46 00000025 C3                      	RET
    47                                  
    48                                  io_out8	:	;int io_out8(int port);
    49                                  
    50 00000026 8B542404                	MOV 	EDX ,[esp+4]	;port
    51 0000002A 8A442408                	MOV	AL,[esp+8]	;data
    52 0000002E EE                      	OUT	DX,AL
    53 0000002F C3                      	RET
    54                                  
    55                                  io_out16	:	;int io_out16(int port);
    56                                  
    57 00000030 8B542404                	MOV 	EDX ,[esp+4]	;port
    58 00000034 8B442408                	MOV	EAX,[esp+8]	;data
    59 00000038 66EF                    	OUT	DX,AX
    60 0000003A C3                      	RET
    61                                  io_out32	:	;int io_out32(int port);
    62                                  
    63 0000003B 8B542404                	MOV 	EDX ,[esp+4]	 ;port
    64 0000003F 8B442408                	MOV	EAX,[esp+8]	;data
    65 00000043 EF                      	OUT	DX,EAX		;32
    66 00000044 C3                      	RET
    67                                  
    68                                  io_load_eflags	:	;int io_in8(int port);
    69                                  
    70 00000045 9C                      	PUSHFD			;PUSH FLAGS という意味（double word）
    71 00000046 58                      	POP		EAX
    72 00000047 C3                      	RET
    73                                  
    74                                  io_store_eflags	:	;int io_in8(int port);
    75                                  
    76 00000048 8B442404                	MOV 	EAX ,[ESP+4]
    77 0000004C 50                      	PUSH	EAX
    78 0000004D 9D                      	POPFD			;POP FLAGSという意味
    79 0000004E C3                      	RET
    80                                  
    81                                  		
