     1                                  ;har1b0OS-ipl
     2                                  ; TAB=4
     3                                  
     4                                  CYLS		EQU		10
     5                                  		ORG		0x7c00		;このプログラムがどこに読み込まれるのか
     6                                  
     7                                  ;以下は標準的なFAT12フォーマットフロッピーディスクのための記述
     8                                  
     9 00000000 EB47                    		JMP		entry
    10 00000002 90                      		DB		0x90
    11 00000003 484152314230            		DB		"HAR1B0"			;ブートセクタの名前
    12 00000009 0002                    		DW		512				;1セクタの大きさ
    13 0000000B 01                      		DB		1				;クラスタの大きさ
    14 0000000C 0100                    		DW		1				;FATの開始位置
    15 0000000E 02                      		DB		2				;FATの個数
    16 0000000F E000                    		DW		224				;ルートディレクトリ領域の大きさ
    17 00000011 400B                    		DW		2880				;ドライブの大きさ
    18 00000013 F0                      		DB		0xf0				;メディアタイプ
    19 00000014 0900                    		DW		9				;FAT領域の長さ
    20 00000016 1200                    		DW		18				;1トラックにあるセクタの数
    21 00000018 0200                    		DW		2				;ヘッド数
    22 0000001A 00000000                		DD		0				;パーティション
    23                                  
    24 0000001E 400B0000                		DD		2880	
    25 00000022 000029                  		DB		0,0,0x29			;この値にする
    26 00000025 FFFFFFFF                		DD		0xffffffff			;ボリュームシリアル番号
    27 00000029 4841523142304F53        		DB		"HAR1B0OS"			;ディスクの名前
    28 00000031 464154313209            		DB		"FAT12	"			;フォーマットの名前
    29 00000037 <res 00000012>          		RESB	18					;仮にあけとく
    29          ******************       warning: uninitialized space declared in .text section: zeroing
    30                                  
    31                                  ;プログラム本体
    32                                  
    33                                  entry:
    34 00000049 B80000                  		MOV		AX,0			;レジスタ初期化
    35 0000004C 8ED0                    		MOV		SS,AX
    36 0000004E BC007C                  		MOV		SP,0x7c00
    37 00000051 8ED8                    		MOV		DS,AX
    38                                  
    39                                  ;ディスクを読む
    40                                  
    41 00000053 B82008                  		MOV		AX,0x0820
    42 00000056 8EC0                    		MOV		ES,AX
    43 00000058 B500                    		MOV		CH,0			;シリンダ0
    44 0000005A B600                    		MOV		DH,0			;ヘッド0
    45 0000005C B102                    		MOV		CL,2			;セクタ2
    46                                  
    47                                  readloop:
    48 0000005E BE0000                  		MOV		SI,0			;失敗回数を数えるレジスタ
    49                                  
    50                                  retry:
    51 00000061 B402                    		MOV		AH,0x02			;AH=0x02 :ディスク読み込み
    52 00000063 B001                    		MOV		AL,1			;1セクタ
    53 00000065 BB0000                  		MOV		BX,0			
    54 00000068 B200                    		MOV		DL,0			;Aドライブ
    55 0000006A CD13                    		INT		0x13			;ディスクBIOS呼び出し
    56 0000006C 7310                    		JNC		next				;エラーにならなかったらfinへ
    57 0000006E 83C601                  		ADD		SI,1			;SIに1を足す
    58 00000071 83FE05                  		CMP		SI,5			;SIと5を比較
    59 00000074 7332                    		JAE		error			;SI>=5だったらerrorへ
    60 00000076 B400                    		MOV		AH,0x00			;(システムリセットに必要な操作)
    61 00000078 B200                    		MOV		DL,0x00			;Aドライブ(システムリセットに必要な操作)
    62 0000007A CD13                    		INT		0x13			;ドライブのリセット(システムリセットに必要な操作)
    63 0000007C EBE3                    		JMP		retry
    64                                  
    65                                  next:
    66 0000007E 8CC0                    		MOV		AX,ES			;開始位置(0x820)まで移動する
    67 00000080 83C020                  		ADD		AX,0x0020		;アドレスを0x200進める
    68 00000083 8EC0                    		MOV		ES,AX			;ADD ES,0x20という命令がないのでこのように表記
    69 00000085 80C101                  		ADD		CL,1			;CLに1を足す
    70 00000088 80F912                  		CMP		CL,18			;CLと18を比較
    71 0000008B 76D1                    		JBE		readloop		;CL<=18だったらreadloopへ
    72 0000008D B101                    		MOV		CL,1
    73 0000008F 80C601                  		ADD		DH,1
    74 00000092 80FE02                  		CMP		DH,2
    75 00000095 72C7                    		JB		readloop		;DH<2だったらreadloopへ
    76 00000097 B600                    		MOV		DH,0
    77 00000099 80C501                  		ADD		CH,1
    78 0000009C 80FD0A                  		CMP		CH,CYLS
    79 0000009F 72BD                    		JB		readloop		;CH<CYLSだったらreadloop
    80                                  
    81                                  ;読み終わった後の処理(OSのプログラム(har1b0.sys)を実行する)
    82                                  		
    83 000000A1 882EF00F                		MOV		[0x0ff0],CH		;IPLがどこまで読んだのかをメモ
    84 000000A5 E9(00C2)                		JMP		0xc200
    85                                  
    86                                  error:
    87 000000A8 BE[C000]                		MOV		SI,msg
    88                                  
    89                                  putloop:
    90 000000AB 8A04                    		MOV		AL,[SI]
    91 000000AD 83C601                  		ADD		SI,1			;SIに1を足す
    92 000000B0 3C00                    		CMP		AL,0
    93 000000B2 7409                    		JE		fin
    94 000000B4 B40E                    		MOV		AH,0x0e			;一文字表示ファンクション
    95 000000B6 BB0F00                  		MOV		BX,15			;カラーコード
    96 000000B9 CD10                    		INT		0x10			;ビデオBIOS呼び出し
    97 000000BB EBEE                    		JMP		putloop
    98                                  
    99                                  fin:
   100 000000BD F4                      		HLT						;何かあるまでCPUを停止させる
   101 000000BE EBFD                    		JMP		fin				;無限ループ
   102                                  
   103                                  msg:
   104 000000C0 0A0A                    		DB		0x0a,0x0a		;改行を2つ
   105 000000C2 6C6F6164206572726F-     		DB		"load error"
   105 000000CB 72                 
   106 000000CC 0A                      		DB		0x0a			;改行
   107 000000CD 00                      		DB		0
   108                                  
   109 000000CE <res 00000130>          		RESB	0x7dfe-0x7c00-($-$$)		;0x1efまでを0x00で埋める命令
   109          ******************       warning: uninitialized space declared in .text section: zeroing
   110                                  
   111 000001FE 55AA                    		DB		0x55,0xaa		;BS BootSign
